<?xml version="1.0" encoding="UTF-8"?>
<coverage generated="1627514645119" clover="3.2.0">
  <project timestamp="1627514645119" name="All files">
    <metrics statements="11" coveredstatements="11" conditionals="4" coveredconditionals="4" methods="1" coveredmethods="1" elements="16" coveredelements="16" complexity="0" loc="11" ncloc="11" packages="1" files="1" classes="1"/>
    <file name="script.js" path="/Users/rachel/Desktop/Bootcamp/TDD lab 1/script.js">
      <metrics statements="11" coveredstatements="11" conditionals="4" coveredconditionals="4" methods="1" coveredmethods="1"/>
      <line num="5" count="17" type="stmt"/>
      <line num="7" count="17" type="stmt"/>
      <line num="9" count="17" type="stmt"/>
      <line num="11" count="17" type="cond" truecount="2" falsecount="0"/>
      <line num="13" count="7" type="stmt"/>
      <line num="16" count="10" type="stmt"/>
      <line num="18" count="26" type="cond" truecount="2" falsecount="0"/>
      <line num="20" count="10" type="stmt"/>
      <line num="21" count="10" type="stmt"/>
      <line num="25" count="10" type="stmt"/>
      <line num="29" count="1" type="stmt"/>
    </file>
  </project>
</coverage>
