{"/Users/rachel/Desktop/Bootcamp/TDD lab 1/script.js": {"path":"/Users/rachel/Desktop/Bootcamp/TDD lab 1/script.js","statementMap":{"0":{"start":{"line":5,"column":4},"end":{"line":5,"column":29}},"1":{"start":{"line":7,"column":19},"end":{"line":7,"column":44}},"2":{"start":{"line":9,"column":21},"end":{"line":9,"column":22}},"3":{"start":{"line":11,"column":4},"end":{"line":26,"column":5}},"4":{"start":{"line":13,"column":6},"end":{"line":13,"column":26}},"5":{"start":{"line":16,"column":6},"end":{"line":23,"column":7}},"6":{"start":{"line":18,"column":8},"end":{"line":22,"column":9}},"7":{"start":{"line":20,"column":10},"end":{"line":20,"column":44}},"8":{"start":{"line":21,"column":10},"end":{"line":21,"column":16}},"9":{"start":{"line":25,"column":6},"end":{"line":25,"column":71}},"10":{"start":{"line":29,"column":0},"end":{"line":29,"column":27}}},"fnMap":{"0":{"name":"translate","decl":{"start":{"line":3,"column":9},"end":{"line":3,"column":18}},"loc":{"start":{"line":3,"column":25},"end":{"line":27,"column":3}},"line":3}},"branchMap":{"0":{"loc":{"start":{"line":11,"column":4},"end":{"line":26,"column":5}},"type":"if","locations":[{"start":{"line":11,"column":4},"end":{"line":26,"column":5}},{"start":{"line":11,"column":4},"end":{"line":26,"column":5}}],"line":11},"1":{"loc":{"start":{"line":18,"column":8},"end":{"line":22,"column":9}},"type":"if","locations":[{"start":{"line":18,"column":8},"end":{"line":22,"column":9}},{"start":{"line":18,"column":8},"end":{"line":22,"column":9}}],"line":18}},"s":{"0":17,"1":17,"2":17,"3":17,"4":7,"5":10,"6":26,"7":10,"8":10,"9":10,"10":1},"f":{"0":17},"b":{"0":[7,10],"1":[10,16]},"_coverageSchema":"1a1c01bbd47fc00a2c39e90264f33305004495a9","hash":"155e2cd0fa17a211f63c999cc294dca1647508a3"}
}
